Warning message:
package 'MASS' was built under R version 4.4.3 
── Attaching core tidyverse packages ──────────────────────── tidyverse 2.0.0 ──
✔ forcats   1.0.0     ✔ readr     2.1.5
✔ ggplot2   4.0.2     ✔ stringr   1.6.0
✔ lubridate 1.9.3     ✔ tibble    3.2.1
✔ purrr     1.0.2     ✔ tidyr     1.3.1
── Conflicts ────────────────────────────────────────── tidyverse_conflicts() ──
✖ purrr::accumulate() masks foreach::accumulate()
✖ tidyr::expand()     masks Matrix::expand()
✖ dplyr::filter()     masks stats::filter()
✖ dplyr::lag()        masks stats::lag()
✖ tidyr::pack()       masks Matrix::pack()
✖ MASS::select()      masks dplyr::select()
✖ tidyr::unpack()     masks Matrix::unpack()
✖ purrr::when()       masks foreach::when()
ℹ Use the conflicted package (<http://conflicted.r-lib.org/>) to force all conflicts to become errors
Warning messages:
1: package 'ggplot2' was built under R version 4.4.3 
2: package 'stringr' was built under R version 4.4.3 
Warning message:
package 'data.table' was built under R version 4.4.3 
Running 200 iterations x 1 estimands (200 total) on 4 cores...
  Estimand: treatment_policy
